{"address":"::1","code":"ECONNREFUSED","errno":-4078,"level":"error","message":"Database initialization error: connect ECONNREFUSED ::1:5432","port":5432,"stack":"Error: connect ECONNREFUSED ::1:5432\n    at C:\\Users\\svasu\\OneDrive\\Desktop\\Delicute\\node_modules\\pg-pool\\index.js:45:11\n    at process.processTicksAndRejections (node:internal/process/task_queues:95:5)\n    at async initDb (C:\\Users\\svasu\\OneDrive\\Desktop\\Delicute\\server.js:575:5)\n    at async startServer (C:\\Users\\svasu\\OneDrive\\Desktop\\Delicute\\server.js:653:5)","syscall":"connect","timestamp":"2025-05-14T17:45:35.415Z"}
{"address":"::1","code":"ECONNREFUSED","errno":-4078,"level":"error","message":"Database initialization error: connect ECONNREFUSED ::1:5432","port":5432,"stack":"Error: connect ECONNREFUSED ::1:5432\n    at C:\\Users\\svasu\\OneDrive\\Desktop\\Delicute\\node_modules\\pg-pool\\index.js:45:11\n    at process.processTicksAndRejections (node:internal/process/task_queues:95:5)\n    at async initDb (C:\\Users\\svasu\\OneDrive\\Desktop\\Delicute\\server.js:575:5)\n    at async startServer (C:\\Users\\svasu\\OneDrive\\Desktop\\Delicute\\server.js:653:5)","syscall":"connect","timestamp":"2025-05-14T17:47:44.564Z"}
{"code":"22P05","file":"mbutils.c","length":175,"level":"error","line":"1754","message":"Database initialization error: character with byte sequence 0xe2 0x82 0xb9 in encoding \"UTF8\" has no equivalent in encoding \"WIN1252\"","name":"error","routine":"report_untranslatable_char","severity":"ERROR","stack":"error: character with byte sequence 0xe2 0x82 0xb9 in encoding \"UTF8\" has no equivalent in encoding \"WIN1252\"\n    at C:\\Users\\svasu\\OneDrive\\Desktop\\Delicute\\node_modules\\pg-pool\\index.js:45:11\n    at process.processTicksAndRejections (node:internal/process/task_queues:95:5)\n    at async initDb (C:\\Users\\svasu\\OneDrive\\Desktop\\Delicute\\server.js:575:5)\n    at async startServer (C:\\Users\\svasu\\OneDrive\\Desktop\\Delicute\\server.js:653:5)","timestamp":"2025-05-14T17:49:35.057Z"}
{"address":"127.0.0.1","code":"ECONNREFUSED","errno":-4078,"level":"error","message":"Database initialization error: connect ECONNREFUSED 127.0.0.1:5432","port":5432,"stack":"Error: connect ECONNREFUSED 127.0.0.1:5432\n    at C:\\Users\\svasu\\OneDrive\\Desktop\\Delicute\\node_modules\\pg-pool\\index.js:45:11\n    at process.processTicksAndRejections (node:internal/process/task_queues:95:5)\n    at async initDb (C:\\Users\\svasu\\OneDrive\\Desktop\\Delicute\\server.js:575:5)\n    at async startServer (C:\\Users\\svasu\\OneDrive\\Desktop\\Delicute\\server.js:653:5)","syscall":"connect","timestamp":"2025-05-14T17:51:30.853Z"}
{"address":"127.0.0.1","code":"ECONNREFUSED","errno":-4078,"level":"error","message":"Database initialization error: connect ECONNREFUSED 127.0.0.1:5432","port":5432,"stack":"Error: connect ECONNREFUSED 127.0.0.1:5432\n    at C:\\Users\\svasu\\OneDrive\\Desktop\\Delicute\\node_modules\\pg-pool\\index.js:45:11\n    at process.processTicksAndRejections (node:internal/process/task_queues:95:5)\n    at async initDb (C:\\Users\\svasu\\OneDrive\\Desktop\\Delicute\\server.js:575:5)\n    at async startServer (C:\\Users\\svasu\\OneDrive\\Desktop\\Delicute\\server.js:653:5)","syscall":"connect","timestamp":"2025-05-14T17:52:50.316Z"}
{"level":"info","message":"Database initialized successfully","timestamp":"2025-05-14T18:02:16.474Z"}
{"level":"info","message":"Server running on http://localhost:3000","timestamp":"2025-05-14T18:02:16.500Z"}
{"level":"error","message":"Error: misconfigured csrf\n    at csrf (C:\\Users\\svasu\\OneDrive\\Desktop\\Delicute\\node_modules\\csurf\\index.js:71:19)\n    at Layer.handle [as handle_request] (C:\\Users\\svasu\\OneDrive\\Desktop\\Delicute\\node_modules\\express\\lib\\router\\layer.js:95:5)\n    at trim_prefix (C:\\Users\\svasu\\OneDrive\\Desktop\\Delicute\\node_modules\\express\\lib\\router\\index.js:328:13)\n    at C:\\Users\\svasu\\OneDrive\\Desktop\\Delicute\\node_modules\\express\\lib\\router\\index.js:286:9\n    at Function.process_params (C:\\Users\\svasu\\OneDrive\\Desktop\\Delicute\\node_modules\\express\\lib\\router\\index.js:346:12)\n    at next (C:\\Users\\svasu\\OneDrive\\Desktop\\Delicute\\node_modules\\express\\lib\\router\\index.js:280:10)\n    at session (C:\\Users\\svasu\\OneDrive\\Desktop\\Delicute\\node_modules\\express-session\\index.js:487:7)\n    at Layer.handle [as handle_request] (C:\\Users\\svasu\\OneDrive\\Desktop\\Delicute\\node_modules\\express\\lib\\router\\layer.js:95:5)\n    at trim_prefix (C:\\Users\\svasu\\OneDrive\\Desktop\\Delicute\\node_modules\\express\\lib\\router\\index.js:328:13)\n    at C:\\Users\\svasu\\OneDrive\\Desktop\\Delicute\\node_modules\\express\\lib\\router\\index.js:286:9","timestamp":"2025-05-14T18:03:07.265Z"}
{"address":"127.0.0.1","code":"ECONNREFUSED","errno":-4078,"level":"error","message":"Database initialization error: connect ECONNREFUSED 127.0.0.1:5432","port":5432,"stack":"Error: connect ECONNREFUSED 127.0.0.1:5432\n    at C:\\Users\\svasu\\OneDrive\\Desktop\\Delicute\\node_modules\\pg-pool\\index.js:45:11\n    at process.processTicksAndRejections (node:internal/process/task_queues:95:5)\n    at async initDb (C:\\Users\\svasu\\OneDrive\\Desktop\\Delicute\\server.js:595:5)\n    at async startServer (C:\\Users\\svasu\\OneDrive\\Desktop\\Delicute\\server.js:673:5)","syscall":"connect","timestamp":"2025-05-14T18:05:49.179Z"}
{"address":"127.0.0.1","code":"ECONNREFUSED","errno":-4078,"level":"error","message":"Database initialization error: connect ECONNREFUSED 127.0.0.1:5432","port":5432,"stack":"Error: connect ECONNREFUSED 127.0.0.1:5432\n    at C:\\Users\\svasu\\OneDrive\\Desktop\\Delicute\\node_modules\\pg-pool\\index.js:45:11\n    at process.processTicksAndRejections (node:internal/process/task_queues:95:5)\n    at async initDb (C:\\Users\\svasu\\OneDrive\\Desktop\\Delicute\\server.js:595:5)\n    at async startServer (C:\\Users\\svasu\\OneDrive\\Desktop\\Delicute\\server.js:673:5)","syscall":"connect","timestamp":"2025-05-14T18:06:29.182Z"}
{"level":"info","message":"Database initialized successfully","timestamp":"2025-05-14T18:08:25.787Z"}
{"level":"info","message":"Server running on http://localhost:3000","timestamp":"2025-05-14T18:08:25.804Z"}
{"level":"error","message":"Error: misconfigured csrf\n    at csrf (C:\\Users\\svasu\\OneDrive\\Desktop\\Delicute\\node_modules\\csurf\\index.js:71:19)\n    at Layer.handle [as handle_request] (C:\\Users\\svasu\\OneDrive\\Desktop\\Delicute\\node_modules\\express\\lib\\router\\layer.js:95:5)\n    at trim_prefix (C:\\Users\\svasu\\OneDrive\\Desktop\\Delicute\\node_modules\\express\\lib\\router\\index.js:328:13)\n    at C:\\Users\\svasu\\OneDrive\\Desktop\\Delicute\\node_modules\\express\\lib\\router\\index.js:286:9\n    at Function.process_params (C:\\Users\\svasu\\OneDrive\\Desktop\\Delicute\\node_modules\\express\\lib\\router\\index.js:346:12)\n    at next (C:\\Users\\svasu\\OneDrive\\Desktop\\Delicute\\node_modules\\express\\lib\\router\\index.js:280:10)\n    at session (C:\\Users\\svasu\\OneDrive\\Desktop\\Delicute\\node_modules\\express-session\\index.js:487:7)\n    at Layer.handle [as handle_request] (C:\\Users\\svasu\\OneDrive\\Desktop\\Delicute\\node_modules\\express\\lib\\router\\layer.js:95:5)\n    at trim_prefix (C:\\Users\\svasu\\OneDrive\\Desktop\\Delicute\\node_modules\\express\\lib\\router\\index.js:328:13)\n    at C:\\Users\\svasu\\OneDrive\\Desktop\\Delicute\\node_modules\\express\\lib\\router\\index.js:286:9","timestamp":"2025-05-14T18:10:25.061Z"}
{"level":"error","message":"Error: misconfigured csrf\n    at csrf (C:\\Users\\svasu\\OneDrive\\Desktop\\Delicute\\node_modules\\csurf\\index.js:71:19)\n    at Layer.handle [as handle_request] (C:\\Users\\svasu\\OneDrive\\Desktop\\Delicute\\node_modules\\express\\lib\\router\\layer.js:95:5)\n    at trim_prefix (C:\\Users\\svasu\\OneDrive\\Desktop\\Delicute\\node_modules\\express\\lib\\router\\index.js:328:13)\n    at C:\\Users\\svasu\\OneDrive\\Desktop\\Delicute\\node_modules\\express\\lib\\router\\index.js:286:9\n    at Function.process_params (C:\\Users\\svasu\\OneDrive\\Desktop\\Delicute\\node_modules\\express\\lib\\router\\index.js:346:12)\n    at next (C:\\Users\\svasu\\OneDrive\\Desktop\\Delicute\\node_modules\\express\\lib\\router\\index.js:280:10)\n    at session (C:\\Users\\svasu\\OneDrive\\Desktop\\Delicute\\node_modules\\express-session\\index.js:487:7)\n    at Layer.handle [as handle_request] (C:\\Users\\svasu\\OneDrive\\Desktop\\Delicute\\node_modules\\express\\lib\\router\\layer.js:95:5)\n    at trim_prefix (C:\\Users\\svasu\\OneDrive\\Desktop\\Delicute\\node_modules\\express\\lib\\router\\index.js:328:13)\n    at C:\\Users\\svasu\\OneDrive\\Desktop\\Delicute\\node_modules\\express\\lib\\router\\index.js:286:9","timestamp":"2025-05-14T18:10:56.415Z"}
{"level":"error","message":"Error: misconfigured csrf\n    at csrf (C:\\Users\\svasu\\OneDrive\\Desktop\\Delicute\\node_modules\\csurf\\index.js:71:19)\n    at Layer.handle [as handle_request] (C:\\Users\\svasu\\OneDrive\\Desktop\\Delicute\\node_modules\\express\\lib\\router\\layer.js:95:5)\n    at trim_prefix (C:\\Users\\svasu\\OneDrive\\Desktop\\Delicute\\node_modules\\express\\lib\\router\\index.js:328:13)\n    at C:\\Users\\svasu\\OneDrive\\Desktop\\Delicute\\node_modules\\express\\lib\\router\\index.js:286:9\n    at Function.process_params (C:\\Users\\svasu\\OneDrive\\Desktop\\Delicute\\node_modules\\express\\lib\\router\\index.js:346:12)\n    at next (C:\\Users\\svasu\\OneDrive\\Desktop\\Delicute\\node_modules\\express\\lib\\router\\index.js:280:10)\n    at session (C:\\Users\\svasu\\OneDrive\\Desktop\\Delicute\\node_modules\\express-session\\index.js:487:7)\n    at Layer.handle [as handle_request] (C:\\Users\\svasu\\OneDrive\\Desktop\\Delicute\\node_modules\\express\\lib\\router\\layer.js:95:5)\n    at trim_prefix (C:\\Users\\svasu\\OneDrive\\Desktop\\Delicute\\node_modules\\express\\lib\\router\\index.js:328:13)\n    at C:\\Users\\svasu\\OneDrive\\Desktop\\Delicute\\node_modules\\express\\lib\\router\\index.js:286:9","timestamp":"2025-05-14T18:10:56.680Z"}
{"level":"error","message":"Error: misconfigured csrf\n    at csrf (C:\\Users\\svasu\\OneDrive\\Desktop\\Delicute\\node_modules\\csurf\\index.js:71:19)\n    at Layer.handle [as handle_request] (C:\\Users\\svasu\\OneDrive\\Desktop\\Delicute\\node_modules\\express\\lib\\router\\layer.js:95:5)\n    at trim_prefix (C:\\Users\\svasu\\OneDrive\\Desktop\\Delicute\\node_modules\\express\\lib\\router\\index.js:328:13)\n    at C:\\Users\\svasu\\OneDrive\\Desktop\\Delicute\\node_modules\\express\\lib\\router\\index.js:286:9\n    at Function.process_params (C:\\Users\\svasu\\OneDrive\\Desktop\\Delicute\\node_modules\\express\\lib\\router\\index.js:346:12)\n    at next (C:\\Users\\svasu\\OneDrive\\Desktop\\Delicute\\node_modules\\express\\lib\\router\\index.js:280:10)\n    at session (C:\\Users\\svasu\\OneDrive\\Desktop\\Delicute\\node_modules\\express-session\\index.js:487:7)\n    at Layer.handle [as handle_request] (C:\\Users\\svasu\\OneDrive\\Desktop\\Delicute\\node_modules\\express\\lib\\router\\layer.js:95:5)\n    at trim_prefix (C:\\Users\\svasu\\OneDrive\\Desktop\\Delicute\\node_modules\\express\\lib\\router\\index.js:328:13)\n    at C:\\Users\\svasu\\OneDrive\\Desktop\\Delicute\\node_modules\\express\\lib\\router\\index.js:286:9","timestamp":"2025-05-14T18:10:59.981Z"}
{"level":"error","message":"Error: misconfigured csrf\n    at csrf (C:\\Users\\svasu\\OneDrive\\Desktop\\Delicute\\node_modules\\csurf\\index.js:71:19)\n    at Layer.handle [as handle_request] (C:\\Users\\svasu\\OneDrive\\Desktop\\Delicute\\node_modules\\express\\lib\\router\\layer.js:95:5)\n    at trim_prefix (C:\\Users\\svasu\\OneDrive\\Desktop\\Delicute\\node_modules\\express\\lib\\router\\index.js:328:13)\n    at C:\\Users\\svasu\\OneDrive\\Desktop\\Delicute\\node_modules\\express\\lib\\router\\index.js:286:9\n    at Function.process_params (C:\\Users\\svasu\\OneDrive\\Desktop\\Delicute\\node_modules\\express\\lib\\router\\index.js:346:12)\n    at next (C:\\Users\\svasu\\OneDrive\\Desktop\\Delicute\\node_modules\\express\\lib\\router\\index.js:280:10)\n    at session (C:\\Users\\svasu\\OneDrive\\Desktop\\Delicute\\node_modules\\express-session\\index.js:487:7)\n    at Layer.handle [as handle_request] (C:\\Users\\svasu\\OneDrive\\Desktop\\Delicute\\node_modules\\express\\lib\\router\\layer.js:95:5)\n    at trim_prefix (C:\\Users\\svasu\\OneDrive\\Desktop\\Delicute\\node_modules\\express\\lib\\router\\index.js:328:13)\n    at C:\\Users\\svasu\\OneDrive\\Desktop\\Delicute\\node_modules\\express\\lib\\router\\index.js:286:9","timestamp":"2025-05-14T18:11:00.162Z"}
{"level":"error","message":"Error: misconfigured csrf\n    at csrf (C:\\Users\\svasu\\OneDrive\\Desktop\\Delicute\\node_modules\\csurf\\index.js:71:19)\n    at Layer.handle [as handle_request] (C:\\Users\\svasu\\OneDrive\\Desktop\\Delicute\\node_modules\\express\\lib\\router\\layer.js:95:5)\n    at trim_prefix (C:\\Users\\svasu\\OneDrive\\Desktop\\Delicute\\node_modules\\express\\lib\\router\\index.js:328:13)\n    at C:\\Users\\svasu\\OneDrive\\Desktop\\Delicute\\node_modules\\express\\lib\\router\\index.js:286:9\n    at Function.process_params (C:\\Users\\svasu\\OneDrive\\Desktop\\Delicute\\node_modules\\express\\lib\\router\\index.js:346:12)\n    at next (C:\\Users\\svasu\\OneDrive\\Desktop\\Delicute\\node_modules\\express\\lib\\router\\index.js:280:10)\n    at session (C:\\Users\\svasu\\OneDrive\\Desktop\\Delicute\\node_modules\\express-session\\index.js:487:7)\n    at Layer.handle [as handle_request] (C:\\Users\\svasu\\OneDrive\\Desktop\\Delicute\\node_modules\\express\\lib\\router\\layer.js:95:5)\n    at trim_prefix (C:\\Users\\svasu\\OneDrive\\Desktop\\Delicute\\node_modules\\express\\lib\\router\\index.js:328:13)\n    at C:\\Users\\svasu\\OneDrive\\Desktop\\Delicute\\node_modules\\express\\lib\\router\\index.js:286:9","timestamp":"2025-05-14T18:11:06.616Z"}
{"level":"error","message":"Error: misconfigured csrf\n    at csrf (C:\\Users\\svasu\\OneDrive\\Desktop\\Delicute\\node_modules\\csurf\\index.js:71:19)\n    at Layer.handle [as handle_request] (C:\\Users\\svasu\\OneDrive\\Desktop\\Delicute\\node_modules\\express\\lib\\router\\layer.js:95:5)\n    at trim_prefix (C:\\Users\\svasu\\OneDrive\\Desktop\\Delicute\\node_modules\\express\\lib\\router\\index.js:328:13)\n    at C:\\Users\\svasu\\OneDrive\\Desktop\\Delicute\\node_modules\\express\\lib\\router\\index.js:286:9\n    at Function.process_params (C:\\Users\\svasu\\OneDrive\\Desktop\\Delicute\\node_modules\\express\\lib\\router\\index.js:346:12)\n    at next (C:\\Users\\svasu\\OneDrive\\Desktop\\Delicute\\node_modules\\express\\lib\\router\\index.js:280:10)\n    at session (C:\\Users\\svasu\\OneDrive\\Desktop\\Delicute\\node_modules\\express-session\\index.js:487:7)\n    at Layer.handle [as handle_request] (C:\\Users\\svasu\\OneDrive\\Desktop\\Delicute\\node_modules\\express\\lib\\router\\layer.js:95:5)\n    at trim_prefix (C:\\Users\\svasu\\OneDrive\\Desktop\\Delicute\\node_modules\\express\\lib\\router\\index.js:328:13)\n    at C:\\Users\\svasu\\OneDrive\\Desktop\\Delicute\\node_modules\\express\\lib\\router\\index.js:286:9","timestamp":"2025-05-14T18:11:08.688Z"}
{"address":"127.0.0.1","code":"ECONNREFUSED","errno":-4078,"level":"error","message":"Database initialization error: connect ECONNREFUSED 127.0.0.1:5432","port":5432,"stack":"Error: connect ECONNREFUSED 127.0.0.1:5432\n    at C:\\Users\\svasu\\OneDrive\\Desktop\\Delicute\\node_modules\\pg-pool\\index.js:45:11\n    at process.processTicksAndRejections (node:internal/process/task_queues:95:5)\n    at async initDb (C:\\Users\\svasu\\OneDrive\\Desktop\\Delicute\\server.js:595:5)\n    at async startServer (C:\\Users\\svasu\\OneDrive\\Desktop\\Delicute\\server.js:673:5)","syscall":"connect","timestamp":"2025-05-14T18:14:33.641Z"}
{"level":"info","message":"Database initialized successfully","timestamp":"2025-05-14T18:14:44.224Z"}
{"level":"info","message":"Server running on http://localhost:3000","timestamp":"2025-05-14T18:14:44.240Z"}
{"level":"info","message":"Database initialized successfully","timestamp":"2025-05-14T18:18:39.253Z"}
{"level":"info","message":"Server running on http://localhost:3000","timestamp":"2025-05-14T18:18:39.264Z"}
{"level":"error","message":"TypeError: req.csrfToken is not a function\n    at C:\\Users\\svasu\\OneDrive\\Desktop\\Delicute\\server.js:262:29\n    at Layer.handle [as handle_request] (C:\\Users\\svasu\\OneDrive\\Desktop\\Delicute\\node_modules\\express\\lib\\router\\layer.js:95:5)\n    at next (C:\\Users\\svasu\\OneDrive\\Desktop\\Delicute\\node_modules\\express\\lib\\router\\route.js:149:13)\n    at Route.dispatch (C:\\Users\\svasu\\OneDrive\\Desktop\\Delicute\\node_modules\\express\\lib\\router\\route.js:119:3)\n    at Layer.handle [as handle_request] (C:\\Users\\svasu\\OneDrive\\Desktop\\Delicute\\node_modules\\express\\lib\\router\\layer.js:95:5)\n    at C:\\Users\\svasu\\OneDrive\\Desktop\\Delicute\\node_modules\\express\\lib\\router\\index.js:284:15\n    at Function.process_params (C:\\Users\\svasu\\OneDrive\\Desktop\\Delicute\\node_modules\\express\\lib\\router\\index.js:346:12)\n    at next (C:\\Users\\svasu\\OneDrive\\Desktop\\Delicute\\node_modules\\express\\lib\\router\\index.js:280:10)\n    at strategy.pass (C:\\Users\\svasu\\OneDrive\\Desktop\\Delicute\\node_modules\\passport\\lib\\middleware\\authenticate.js:355:9)\n    at SessionStrategy.authenticate (C:\\Users\\svasu\\OneDrive\\Desktop\\Delicute\\node_modules\\passport\\lib\\strategies\\session.js:126:10)","timestamp":"2025-05-14T18:19:20.147Z"}
{"level":"info","message":"Database initialized successfully","timestamp":"2025-05-14T18:19:46.970Z"}
{"level":"info","message":"Server running on http://localhost:3000","timestamp":"2025-05-14T18:19:46.987Z"}
{"level":"error","message":"TypeError: req.csrfToken is not a function\n    at C:\\Users\\svasu\\OneDrive\\Desktop\\Delicute\\server.js:262:29\n    at Layer.handle [as handle_request] (C:\\Users\\svasu\\OneDrive\\Desktop\\Delicute\\node_modules\\express\\lib\\router\\layer.js:95:5)\n    at next (C:\\Users\\svasu\\OneDrive\\Desktop\\Delicute\\node_modules\\express\\lib\\router\\route.js:149:13)\n    at Route.dispatch (C:\\Users\\svasu\\OneDrive\\Desktop\\Delicute\\node_modules\\express\\lib\\router\\route.js:119:3)\n    at Layer.handle [as handle_request] (C:\\Users\\svasu\\OneDrive\\Desktop\\Delicute\\node_modules\\express\\lib\\router\\layer.js:95:5)\n    at C:\\Users\\svasu\\OneDrive\\Desktop\\Delicute\\node_modules\\express\\lib\\router\\index.js:284:15\n    at Function.process_params (C:\\Users\\svasu\\OneDrive\\Desktop\\Delicute\\node_modules\\express\\lib\\router\\index.js:346:12)\n    at next (C:\\Users\\svasu\\OneDrive\\Desktop\\Delicute\\node_modules\\express\\lib\\router\\index.js:280:10)\n    at strategy.pass (C:\\Users\\svasu\\OneDrive\\Desktop\\Delicute\\node_modules\\passport\\lib\\middleware\\authenticate.js:355:9)\n    at SessionStrategy.authenticate (C:\\Users\\svasu\\OneDrive\\Desktop\\Delicute\\node_modules\\passport\\lib\\strategies\\session.js:126:10)","timestamp":"2025-05-14T18:19:49.115Z"}
{"level":"info","message":"Database initialized successfully","timestamp":"2025-05-14T18:23:19.034Z"}
{"level":"info","message":"Server running on http://localhost:3000","timestamp":"2025-05-14T18:23:19.045Z"}
{"level":"error","message":"Error: misconfigured csrf\n    at csrf (C:\\Users\\svasu\\OneDrive\\Desktop\\Delicute\\node_modules\\csurf\\index.js:71:19)\n    at Layer.handle [as handle_request] (C:\\Users\\svasu\\OneDrive\\Desktop\\Delicute\\node_modules\\express\\lib\\router\\layer.js:95:5)\n    at trim_prefix (C:\\Users\\svasu\\OneDrive\\Desktop\\Delicute\\node_modules\\express\\lib\\router\\index.js:328:13)\n    at C:\\Users\\svasu\\OneDrive\\Desktop\\Delicute\\node_modules\\express\\lib\\router\\index.js:286:9\n    at Function.process_params (C:\\Users\\svasu\\OneDrive\\Desktop\\Delicute\\node_modules\\express\\lib\\router\\index.js:346:12)\n    at next (C:\\Users\\svasu\\OneDrive\\Desktop\\Delicute\\node_modules\\express\\lib\\router\\index.js:280:10)\n    at strategy.pass (C:\\Users\\svasu\\OneDrive\\Desktop\\Delicute\\node_modules\\passport\\lib\\middleware\\authenticate.js:355:9)\n    at SessionStrategy.authenticate (C:\\Users\\svasu\\OneDrive\\Desktop\\Delicute\\node_modules\\passport\\lib\\strategies\\session.js:126:10)\n    at attempt (C:\\Users\\svasu\\OneDrive\\Desktop\\Delicute\\node_modules\\passport\\lib\\middleware\\authenticate.js:378:16)\n    at authenticate (C:\\Users\\svasu\\OneDrive\\Desktop\\Delicute\\node_modules\\passport\\lib\\middleware\\authenticate.js:379:7)","timestamp":"2025-05-14T18:23:21.941Z"}
{"level":"info","message":"Database initialized successfully","timestamp":"2025-05-14T18:26:48.105Z"}
{"level":"info","message":"Server running on http://localhost:3000","timestamp":"2025-05-14T18:26:48.124Z"}
{"level":"error","message":"Error: misconfigured csrf\n    at csrf (C:\\Users\\svasu\\OneDrive\\Desktop\\Delicute\\node_modules\\csurf\\index.js:71:19)\n    at Layer.handle [as handle_request] (C:\\Users\\svasu\\OneDrive\\Desktop\\Delicute\\node_modules\\express\\lib\\router\\layer.js:95:5)\n    at trim_prefix (C:\\Users\\svasu\\OneDrive\\Desktop\\Delicute\\node_modules\\express\\lib\\router\\index.js:328:13)\n    at C:\\Users\\svasu\\OneDrive\\Desktop\\Delicute\\node_modules\\express\\lib\\router\\index.js:286:9\n    at Function.process_params (C:\\Users\\svasu\\OneDrive\\Desktop\\Delicute\\node_modules\\express\\lib\\router\\index.js:346:12)\n    at next (C:\\Users\\svasu\\OneDrive\\Desktop\\Delicute\\node_modules\\express\\lib\\router\\index.js:280:10)\n    at strategy.pass (C:\\Users\\svasu\\OneDrive\\Desktop\\Delicute\\node_modules\\passport\\lib\\middleware\\authenticate.js:355:9)\n    at SessionStrategy.authenticate (C:\\Users\\svasu\\OneDrive\\Desktop\\Delicute\\node_modules\\passport\\lib\\strategies\\session.js:126:10)\n    at attempt (C:\\Users\\svasu\\OneDrive\\Desktop\\Delicute\\node_modules\\passport\\lib\\middleware\\authenticate.js:378:16)\n    at authenticate (C:\\Users\\svasu\\OneDrive\\Desktop\\Delicute\\node_modules\\passport\\lib\\middleware\\authenticate.js:379:7)","timestamp":"2025-05-14T18:26:50.850Z"}
{"level":"info","message":"Database initialized successfully","timestamp":"2025-05-14T18:30:10.029Z"}
{"level":"info","message":"Server running on http://localhost:3000","timestamp":"2025-05-14T18:30:10.041Z"}
{"level":"error","message":"TypeError: req.csrfToken is not a function\n    at C:\\Users\\svasu\\OneDrive\\Desktop\\Delicute\\server.js:258:29\n    at Layer.handle [as handle_request] (C:\\Users\\svasu\\OneDrive\\Desktop\\Delicute\\node_modules\\express\\lib\\router\\layer.js:95:5)\n    at next (C:\\Users\\svasu\\OneDrive\\Desktop\\Delicute\\node_modules\\express\\lib\\router\\route.js:149:13)\n    at Route.dispatch (C:\\Users\\svasu\\OneDrive\\Desktop\\Delicute\\node_modules\\express\\lib\\router\\route.js:119:3)\n    at Layer.handle [as handle_request] (C:\\Users\\svasu\\OneDrive\\Desktop\\Delicute\\node_modules\\express\\lib\\router\\layer.js:95:5)\n    at C:\\Users\\svasu\\OneDrive\\Desktop\\Delicute\\node_modules\\express\\lib\\router\\index.js:284:15\n    at Function.process_params (C:\\Users\\svasu\\OneDrive\\Desktop\\Delicute\\node_modules\\express\\lib\\router\\index.js:346:12)\n    at next (C:\\Users\\svasu\\OneDrive\\Desktop\\Delicute\\node_modules\\express\\lib\\router\\index.js:280:10)\n    at strategy.pass (C:\\Users\\svasu\\OneDrive\\Desktop\\Delicute\\node_modules\\passport\\lib\\middleware\\authenticate.js:355:9)\n    at SessionStrategy.authenticate (C:\\Users\\svasu\\OneDrive\\Desktop\\Delicute\\node_modules\\passport\\lib\\strategies\\session.js:126:10)","timestamp":"2025-05-14T18:30:12.931Z"}
{"level":"info","message":"Database initialized successfully","timestamp":"2025-05-14T18:34:01.583Z"}
{"level":"info","message":"Server running on http://localhost:3000","timestamp":"2025-05-14T18:34:01.595Z"}
{"level":"error","message":"TypeError: req.csrfToken is not a function\n    at C:\\Users\\svasu\\OneDrive\\Desktop\\Delicute\\server.js:258:29\n    at Layer.handle [as handle_request] (C:\\Users\\svasu\\OneDrive\\Desktop\\Delicute\\node_modules\\express\\lib\\router\\layer.js:95:5)\n    at next (C:\\Users\\svasu\\OneDrive\\Desktop\\Delicute\\node_modules\\express\\lib\\router\\route.js:149:13)\n    at Route.dispatch (C:\\Users\\svasu\\OneDrive\\Desktop\\Delicute\\node_modules\\express\\lib\\router\\route.js:119:3)\n    at Layer.handle [as handle_request] (C:\\Users\\svasu\\OneDrive\\Desktop\\Delicute\\node_modules\\express\\lib\\router\\layer.js:95:5)\n    at C:\\Users\\svasu\\OneDrive\\Desktop\\Delicute\\node_modules\\express\\lib\\router\\index.js:284:15\n    at Function.process_params (C:\\Users\\svasu\\OneDrive\\Desktop\\Delicute\\node_modules\\express\\lib\\router\\index.js:346:12)\n    at next (C:\\Users\\svasu\\OneDrive\\Desktop\\Delicute\\node_modules\\express\\lib\\router\\index.js:280:10)\n    at strategy.pass (C:\\Users\\svasu\\OneDrive\\Desktop\\Delicute\\node_modules\\passport\\lib\\middleware\\authenticate.js:355:9)\n    at SessionStrategy.authenticate (C:\\Users\\svasu\\OneDrive\\Desktop\\Delicute\\node_modules\\passport\\lib\\strategies\\session.js:126:10)","timestamp":"2025-05-14T18:34:04.958Z"}
{"address":"127.0.0.1","code":"ECONNREFUSED","errno":-4078,"level":"error","message":"Database initialization error: connect ECONNREFUSED 127.0.0.1:5432","port":5432,"stack":"Error: connect ECONNREFUSED 127.0.0.1:5432\n    at C:\\Users\\svasu\\OneDrive\\Desktop\\Delicute\\node_modules\\pg-pool\\index.js:45:11\n    at process.processTicksAndRejections (node:internal/process/task_queues:95:5)\n    at async initDb (C:\\Users\\svasu\\OneDrive\\Desktop\\Delicute\\server.js:591:5)\n    at async startServer (C:\\Users\\svasu\\OneDrive\\Desktop\\Delicute\\server.js:669:5)","syscall":"connect","timestamp":"2025-05-14T18:36:11.459Z"}
{"level":"info","message":"Database initialized successfully","timestamp":"2025-05-14T18:36:16.451Z"}
{"level":"info","message":"Server running on http://localhost:3000","timestamp":"2025-05-14T18:36:16.462Z"}
{"level":"error","message":"TypeError: req.csrfToken is not a function\n    at C:\\Users\\svasu\\OneDrive\\Desktop\\Delicute\\server.js:258:29\n    at Layer.handle [as handle_request] (C:\\Users\\svasu\\OneDrive\\Desktop\\Delicute\\node_modules\\express\\lib\\router\\layer.js:95:5)\n    at next (C:\\Users\\svasu\\OneDrive\\Desktop\\Delicute\\node_modules\\express\\lib\\router\\route.js:149:13)\n    at Route.dispatch (C:\\Users\\svasu\\OneDrive\\Desktop\\Delicute\\node_modules\\express\\lib\\router\\route.js:119:3)\n    at Layer.handle [as handle_request] (C:\\Users\\svasu\\OneDrive\\Desktop\\Delicute\\node_modules\\express\\lib\\router\\layer.js:95:5)\n    at C:\\Users\\svasu\\OneDrive\\Desktop\\Delicute\\node_modules\\express\\lib\\router\\index.js:284:15\n    at Function.process_params (C:\\Users\\svasu\\OneDrive\\Desktop\\Delicute\\node_modules\\express\\lib\\router\\index.js:346:12)\n    at next (C:\\Users\\svasu\\OneDrive\\Desktop\\Delicute\\node_modules\\express\\lib\\router\\index.js:280:10)\n    at strategy.pass (C:\\Users\\svasu\\OneDrive\\Desktop\\Delicute\\node_modules\\passport\\lib\\middleware\\authenticate.js:355:9)\n    at SessionStrategy.authenticate (C:\\Users\\svasu\\OneDrive\\Desktop\\Delicute\\node_modules\\passport\\lib\\strategies\\session.js:126:10)","timestamp":"2025-05-14T18:36:22.738Z"}
{"address":"127.0.0.1","code":"ECONNREFUSED","errno":-4078,"level":"error","message":"Database initialization error: connect ECONNREFUSED 127.0.0.1:5432","port":5432,"stack":"Error: connect ECONNREFUSED 127.0.0.1:5432\n    at C:\\Users\\svasu\\OneDrive\\Desktop\\Delicute\\node_modules\\pg-pool\\index.js:45:11\n    at process.processTicksAndRejections (node:internal/process/task_queues:95:5)\n    at async initDb (C:\\Users\\svasu\\OneDrive\\Desktop\\Delicute\\server.js:591:5)\n    at async startServer (C:\\Users\\svasu\\OneDrive\\Desktop\\Delicute\\server.js:669:5)","syscall":"connect","timestamp":"2025-05-15T02:50:04.635Z"}
{"level":"info","message":"Database initialized successfully","timestamp":"2025-05-15T02:50:25.585Z"}
{"level":"info","message":"Server running on http://localhost:3000","timestamp":"2025-05-15T02:50:25.595Z"}
{"level":"info","message":"Database initialized successfully","timestamp":"2025-05-15T03:32:13.666Z"}
{"level":"info","message":"GET /","timestamp":"2025-05-15T03:32:17.680Z"}
{"level":"info","message":"Database initialized successfully","timestamp":"2025-05-15T03:34:07.799Z"}
{"level":"info","message":"GET /","timestamp":"2025-05-15T03:34:09.793Z"}
{"level":"info","message":"GET /favicon.ico","timestamp":"2025-05-15T03:34:10.278Z"}
{"level":"info","message":"GET /","timestamp":"2025-05-15T03:34:26.360Z"}
{"level":"info","message":"GET /favicon.ico","timestamp":"2025-05-15T03:34:26.418Z"}
{"level":"info","message":"GET /","timestamp":"2025-05-15T03:34:27.848Z"}
{"level":"info","message":"GET /favicon.ico","timestamp":"2025-05-15T03:34:27.898Z"}
{"level":"info","message":"GET /","timestamp":"2025-05-15T03:34:29.793Z"}
{"level":"info","message":"GET /favicon.ico","timestamp":"2025-05-15T03:34:29.838Z"}
{"level":"info","message":"GET /.well-known/appspecific/com.chrome.devtools.json","timestamp":"2025-05-15T03:35:03.433Z"}
{"level":"info","message":"GET /","timestamp":"2025-05-15T03:36:44.900Z"}
{"level":"info","message":"GET /.well-known/appspecific/com.chrome.devtools.json","timestamp":"2025-05-15T03:36:44.959Z"}
{"level":"info","message":"GET /favicon.ico","timestamp":"2025-05-15T03:36:45.182Z"}
{"level":"info","message":"GET /","timestamp":"2025-05-15T03:36:45.779Z"}
{"level":"info","message":"GET /.well-known/appspecific/com.chrome.devtools.json","timestamp":"2025-05-15T03:36:45.811Z"}
{"level":"info","message":"GET /favicon.ico","timestamp":"2025-05-15T03:36:45.858Z"}
{"level":"info","message":"GET /api/v1/menu","timestamp":"2025-05-15T03:36:50.581Z"}
{"level":"info","message":"GET /api/v1/offers","timestamp":"2025-05-15T03:36:50.735Z"}
{"level":"info","message":"GET /api/v1/posts","timestamp":"2025-05-15T03:36:50.789Z"}
{"level":"info","message":"GET /api/v1/testimonials","timestamp":"2025-05-15T03:36:50.822Z"}
{"level":"info","message":"GET /","timestamp":"2025-05-15T03:37:34.397Z"}
{"level":"info","message":"GET /favicon.ico","timestamp":"2025-05-15T03:37:34.640Z"}
{"level":"info","message":"GET /","timestamp":"2025-05-15T03:37:36.727Z"}
{"level":"info","message":"GET /favicon.ico","timestamp":"2025-05-15T03:37:36.777Z"}
{"level":"info","message":"Database initialized successfully","timestamp":"2025-05-15T03:40:03.783Z"}
{"level":"info","message":"GET /","timestamp":"2025-05-15T03:40:08.979Z"}
{"level":"info","message":"GET /api/v1/menu","timestamp":"2025-05-15T03:40:10.158Z"}
{"level":"info","message":"GET /favicon.ico","timestamp":"2025-05-15T03:40:10.218Z"}
{"level":"info","message":"GET /api/v1/offers","timestamp":"2025-05-15T03:40:10.220Z"}
{"level":"info","message":"GET /api/v1/posts","timestamp":"2025-05-15T03:40:10.255Z"}
{"level":"info","message":"GET /undefined","timestamp":"2025-05-15T03:40:10.257Z"}
{"level":"info","message":"GET /api/v1/testimonials","timestamp":"2025-05-15T03:40:10.290Z"}
{"level":"info","message":"POST /api/v1/auth/login","timestamp":"2025-05-15T03:40:13.173Z"}
{"level":"error","timestamp":"2025-05-15T03:40:13.364Z"}
{"level":"info","message":"POST /api/v1/auth/verify-otp","timestamp":"2025-05-15T03:40:57.725Z"}
{"level":"error","timestamp":"2025-05-15T03:40:57.727Z"}
{"level":"info","message":"POST /api/v1/auth/verify-otp","timestamp":"2025-05-15T03:41:03.028Z"}
{"level":"error","timestamp":"2025-05-15T03:41:03.029Z"}
{"level":"info","message":"POST /api/v1/auth/signup","timestamp":"2025-05-15T03:41:59.318Z"}
{"level":"error","timestamp":"2025-05-15T03:41:59.502Z"}
{"level":"info","message":"POST /api/v1/auth/login","timestamp":"2025-05-15T03:42:34.816Z"}
{"level":"info","message":"POST /api/v1/auth/login","timestamp":"2025-05-15T03:42:57.875Z"}
{"level":"info","message":"POST /api/v1/auth/login","timestamp":"2025-05-15T03:43:04.447Z"}
{"level":"error","timestamp":"2025-05-15T03:43:04.548Z"}
{"level":"info","message":"Database initialized successfully","timestamp":"2025-05-15T03:45:30.491Z"}
{"level":"info","message":"GET /","timestamp":"2025-05-15T03:45:31.834Z"}
{"level":"info","message":"GET /api/v1/users/profile","timestamp":"2025-05-15T03:45:32.110Z"}
{"level":"info","message":"GET /api/v1/menu","timestamp":"2025-05-15T03:45:32.585Z"}
{"level":"info","message":"GET /api/v1/offers","timestamp":"2025-05-15T03:45:32.630Z"}
{"level":"info","message":"GET /favicon.ico","timestamp":"2025-05-15T03:45:32.631Z"}
{"level":"info","message":"GET /api/v1/posts","timestamp":"2025-05-15T03:45:32.656Z"}
{"level":"info","message":"GET /undefined","timestamp":"2025-05-15T03:45:32.657Z"}
{"level":"info","message":"GET /api/v1/testimonials","timestamp":"2025-05-15T03:45:32.685Z"}
{"level":"info","message":"GET /api/v1/users/profile","timestamp":"2025-05-15T03:45:38.058Z"}
{"level":"info","message":"GET /api/v1/users/orders","timestamp":"2025-05-15T03:45:38.065Z"}
{"level":"info","message":"POST /api/v1/auth/login","timestamp":"2025-05-15T03:45:43.630Z"}
{"error":"Invalid email/phone or password","level":"error","message":"Error occurred:","timestamp":"2025-05-15T03:45:43.777Z"}
{"level":"info","message":"POST /api/v1/auth/login","timestamp":"2025-05-15T03:45:48.049Z"}
{"level":"info","message":"POST /api/v1/auth/signup","timestamp":"2025-05-15T03:46:08.012Z"}
{"error":"Email or phone already exists","level":"error","message":"Error occurred:","timestamp":"2025-05-15T03:46:08.210Z"}
{"level":"info","message":"GET /terms.html","timestamp":"2025-05-15T03:46:10.296Z"}
{"level":"info","message":"GET /favicon.ico","timestamp":"2025-05-15T03:46:10.650Z"}
{"level":"info","message":"GET /index.html","timestamp":"2025-05-15T03:46:15.566Z"}
{"level":"info","message":"GET /api/v1/users/profile","timestamp":"2025-05-15T03:46:15.800Z"}
{"level":"info","message":"GET /api/v1/menu","timestamp":"2025-05-15T03:46:15.862Z"}
{"level":"info","message":"GET /api/v1/offers","timestamp":"2025-05-15T03:46:15.916Z"}
{"level":"info","message":"GET /favicon.ico","timestamp":"2025-05-15T03:46:15.918Z"}
{"level":"info","message":"GET /api/v1/posts","timestamp":"2025-05-15T03:46:15.939Z"}
{"level":"info","message":"GET /undefined","timestamp":"2025-05-15T03:46:15.940Z"}
{"level":"info","message":"GET /api/v1/testimonials","timestamp":"2025-05-15T03:46:15.962Z"}
{"level":"info","message":"GET /","timestamp":"2025-05-15T03:46:31.028Z"}
{"level":"info","message":"GET /api/v1/users/profile","timestamp":"2025-05-15T03:46:31.322Z"}
{"level":"info","message":"GET /api/v1/menu","timestamp":"2025-05-15T03:46:31.415Z"}
{"level":"info","message":"GET /api/v1/offers","timestamp":"2025-05-15T03:46:31.465Z"}
{"level":"info","message":"GET /favicon.ico","timestamp":"2025-05-15T03:46:31.469Z"}
{"level":"info","message":"GET /api/v1/posts","timestamp":"2025-05-15T03:46:31.489Z"}
{"level":"info","message":"GET /undefined","timestamp":"2025-05-15T03:46:31.490Z"}
{"level":"info","message":"GET /api/v1/testimonials","timestamp":"2025-05-15T03:46:31.518Z"}
{"level":"info","message":"GET /api/v1/users/profile","timestamp":"2025-05-15T03:46:34.522Z"}
{"level":"info","message":"GET /api/v1/users/orders","timestamp":"2025-05-15T03:46:34.531Z"}
{"level":"info","message":"Database initialized successfully","timestamp":"2025-05-15T03:48:50.615Z"}
{"level":"info","message":"GET /","timestamp":"2025-05-15T03:49:08.468Z"}
{"level":"info","message":"GET /api/v1/menu","timestamp":"2025-05-15T03:49:10.003Z"}
{"level":"info","message":"GET /favicon.ico","timestamp":"2025-05-15T03:49:10.092Z"}
{"level":"info","message":"GET /api/v1/offers","timestamp":"2025-05-15T03:49:10.258Z"}
{"level":"info","message":"GET /api/v1/posts","timestamp":"2025-05-15T03:49:10.348Z"}
{"level":"info","message":"GET /undefined","timestamp":"2025-05-15T03:49:10.353Z"}
{"level":"info","message":"GET /api/v1/testimonials","timestamp":"2025-05-15T03:49:10.407Z"}
{"level":"info","message":"POST /api/v1/auth/login","timestamp":"2025-05-15T03:49:13.176Z"}
{"error":"Invalid email/phone or password","level":"error","message":"Error occurred:","timestamp":"2025-05-15T03:49:13.341Z"}
{"level":"info","message":"POST /api/v1/auth/login","timestamp":"2025-05-15T03:49:17.043Z"}
{"level":"info","message":"POST /api/v1/auth/signup","timestamp":"2025-05-15T03:49:42.477Z"}
{"error":"Email or phone already exists","level":"error","message":"Error occurred:","timestamp":"2025-05-15T03:49:42.661Z"}
{"level":"info","message":"POST /api/v1/auth/signup","timestamp":"2025-05-15T03:49:51.983Z"}
{"error":"The requested resource /Services/your-twilio-verify-service-sid/Verifications was not found","level":"error","message":"Failed to send OTP:","stack":"Error: The requested resource /Services/your-twilio-verify-service-sid/Verifications was not found\n    at success (C:\\Users\\svasu\\OneDrive\\Desktop\\Delicute\\node_modules\\twilio\\lib\\base\\Version.js:79:23)\n    at process.processTicksAndRejections (node:internal/process/task_queues:95:5)\n    at async sendOtp (C:\\Users\\svasu\\OneDrive\\Desktop\\Delicute\\server.js:203:5)\n    at async C:\\Users\\svasu\\OneDrive\\Desktop\\Delicute\\server.js:235:5","timestamp":"2025-05-15T03:49:53.769Z"}
{"error":"Failed to send OTP","level":"error","message":"Error occurred:","stack":"Error: Failed to send OTP\n    at sendOtp (C:\\Users\\svasu\\OneDrive\\Desktop\\Delicute\\server.js:208:11)\n    at process.processTicksAndRejections (node:internal/process/task_queues:95:5)\n    at async C:\\Users\\svasu\\OneDrive\\Desktop\\Delicute\\server.js:235:5","timestamp":"2025-05-15T03:49:53.771Z"}
{"level":"info","message":"POST /api/v1/auth/signup","timestamp":"2025-05-15T03:49:54.102Z"}
{"error":"Email or phone already exists","level":"error","message":"Error occurred:","timestamp":"2025-05-15T03:49:54.230Z"}
{"level":"info","message":"POST /api/v1/auth/signup","timestamp":"2025-05-15T03:50:07.390Z"}
{"level":"info","message":"POST /api/v1/auth/signup","timestamp":"2025-05-15T03:50:07.616Z"}
{"error":"Email or phone already exists","level":"error","message":"Error occurred:","timestamp":"2025-05-15T03:50:07.707Z"}
{"error":"Email or phone already exists","level":"error","message":"Error occurred:","timestamp":"2025-05-15T03:50:07.735Z"}
{"level":"info","message":"POST /api/v1/auth/signup","timestamp":"2025-05-15T03:50:08.991Z"}
{"error":"Email or phone already exists","level":"error","message":"Error occurred:","timestamp":"2025-05-15T03:50:09.140Z"}
{"level":"info","message":"POST /api/v1/auth/signup","timestamp":"2025-05-15T03:50:17.425Z"}
{"error":"The requested resource /Services/your-twilio-verify-service-sid/Verifications was not found","level":"error","message":"Failed to send OTP:","stack":"Error: The requested resource /Services/your-twilio-verify-service-sid/Verifications was not found\n    at success (C:\\Users\\svasu\\OneDrive\\Desktop\\Delicute\\node_modules\\twilio\\lib\\base\\Version.js:79:23)\n    at process.processTicksAndRejections (node:internal/process/task_queues:95:5)\n    at async sendOtp (C:\\Users\\svasu\\OneDrive\\Desktop\\Delicute\\server.js:203:5)\n    at async C:\\Users\\svasu\\OneDrive\\Desktop\\Delicute\\server.js:235:5","timestamp":"2025-05-15T03:50:17.799Z"}
{"error":"Failed to send OTP","level":"error","message":"Error occurred:","stack":"Error: Failed to send OTP\n    at sendOtp (C:\\Users\\svasu\\OneDrive\\Desktop\\Delicute\\server.js:208:11)\n    at process.processTicksAndRejections (node:internal/process/task_queues:95:5)\n    at async C:\\Users\\svasu\\OneDrive\\Desktop\\Delicute\\server.js:235:5","timestamp":"2025-05-15T03:50:17.799Z"}
{"level":"info","message":"Database initialized successfully","timestamp":"2025-05-15T03:55:39.587Z"}
{"level":"info","message":"Server running on http://localhost:3000","timestamp":"2025-05-15T03:55:39.596Z"}
{"level":"info","message":"Database initialized successfully","timestamp":"2025-05-15T03:56:17.731Z"}
{"level":"info","message":"GET /","timestamp":"2025-05-15T03:56:21.029Z"}
{"level":"info","message":"GET /api/v1/menu","timestamp":"2025-05-15T03:56:21.401Z"}
{"level":"info","message":"GET /api/v1/offers","timestamp":"2025-05-15T03:56:21.452Z"}
{"level":"info","message":"GET /api/v1/posts","timestamp":"2025-05-15T03:56:21.479Z"}
{"level":"info","message":"GET /undefined","timestamp":"2025-05-15T03:56:21.481Z"}
{"level":"info","message":"GET /api/v1/testimonials","timestamp":"2025-05-15T03:56:21.505Z"}
{"level":"info","message":"POST /api/v1/auth/verify-otp","timestamp":"2025-05-15T03:56:27.679Z"}
{"error":"\"otp\" is not allowed to be empty","level":"error","message":"Error occurred:","timestamp":"2025-05-15T03:56:27.682Z"}
{"level":"info","message":"GET /api/v1/menu","timestamp":"2025-05-15T03:58:32.894Z"}
{"level":"info","message":"GET /api/v1/offers","timestamp":"2025-05-15T03:58:33.008Z"}
{"level":"info","message":"GET /api/v1/posts","timestamp":"2025-05-15T03:58:33.095Z"}
{"level":"info","message":"GET /api/v1/testimonials","timestamp":"2025-05-15T03:58:33.267Z"}
{"level":"info","message":"Database initialized successfully","timestamp":"2025-05-15T03:59:11.933Z"}
{"level":"info","message":"GET /","timestamp":"2025-05-15T03:59:17.913Z"}
{"level":"info","message":"GET /api/v1/menu","timestamp":"2025-05-15T03:59:18.317Z"}
{"level":"info","message":"GET /api/v1/offers","timestamp":"2025-05-15T03:59:18.370Z"}
{"level":"info","message":"GET /api/v1/posts","timestamp":"2025-05-15T03:59:18.393Z"}
{"level":"info","message":"GET /undefined","timestamp":"2025-05-15T03:59:18.394Z"}
{"level":"info","message":"GET /api/v1/testimonials","timestamp":"2025-05-15T03:59:18.418Z"}
{"level":"info","message":"POST /api/v1/auth/login","timestamp":"2025-05-15T03:59:21.710Z"}
{"error":"Invalid email/phone or password","level":"error","message":"Error occurred:","timestamp":"2025-05-15T03:59:21.894Z"}
{"level":"info","message":"POST /api/v1/auth/login","timestamp":"2025-05-15T03:59:25.680Z"}
{"level":"info","message":"GET /api/v1/users/profile","timestamp":"2025-05-15T03:59:25.829Z"}
{"level":"info","message":"GET /user.html","timestamp":"2025-05-15T03:59:25.861Z"}
{"level":"info","message":"GET /login.html","timestamp":"2025-05-15T03:59:27.183Z"}
{"level":"info","message":"GET /api/v1/users/profile","timestamp":"2025-05-15T03:59:27.370Z"}
{"level":"info","message":"GET /api/v1/menu","timestamp":"2025-05-15T03:59:27.430Z"}
{"level":"info","message":"GET /api/v1/offers","timestamp":"2025-05-15T03:59:27.473Z"}
{"level":"info","message":"GET /api/v1/posts","timestamp":"2025-05-15T03:59:27.482Z"}
{"level":"info","message":"GET /undefined","timestamp":"2025-05-15T03:59:27.483Z"}
{"level":"info","message":"GET /api/v1/testimonials","timestamp":"2025-05-15T03:59:27.509Z"}
{"level":"info","message":"GET /api/v1/users/profile","timestamp":"2025-05-15T03:59:32.443Z"}
{"level":"info","message":"GET /api/v1/users/orders","timestamp":"2025-05-15T03:59:32.452Z"}
{"level":"info","message":"POST /api/v1/auth/login","timestamp":"2025-05-15T03:59:42.748Z"}
{"error":"Invalid email/phone or password","level":"error","message":"Error occurred:","timestamp":"2025-05-15T03:59:42.944Z"}
{"level":"info","message":"POST /api/v1/auth/verify-otp","timestamp":"2025-05-15T03:59:47.990Z"}
{"error":"\"otp\" is not allowed to be empty","level":"error","message":"Error occurred:","timestamp":"2025-05-15T03:59:47.993Z"}
{"level":"info","message":"GET /.well-known/appspecific/com.chrome.devtools.json","timestamp":"2025-05-15T04:00:21.999Z"}
{"level":"info","message":"GET /.well-known/appspecific/com.chrome.devtools.json","timestamp":"2025-05-15T04:00:48.981Z"}
{"level":"info","message":"POST /api/v1/auth/login","timestamp":"2025-05-15T04:00:52.190Z"}
{"level":"info","message":"GET /api/v1/users/profile","timestamp":"2025-05-15T04:00:52.363Z"}
{"level":"info","message":"GET /user.html","timestamp":"2025-05-15T04:00:52.383Z"}
{"level":"info","message":"GET /.well-known/appspecific/com.chrome.devtools.json","timestamp":"2025-05-15T04:00:52.438Z"}
{"level":"info","message":"GET /login.html","timestamp":"2025-05-15T04:00:53.598Z"}
{"level":"info","message":"GET /.well-known/appspecific/com.chrome.devtools.json","timestamp":"2025-05-15T04:00:53.678Z"}
{"level":"info","message":"GET /api/v1/users/profile","timestamp":"2025-05-15T04:00:53.837Z"}
{"level":"info","message":"GET /api/v1/menu","timestamp":"2025-05-15T04:00:54.381Z"}
{"level":"info","message":"GET /api/v1/offers","timestamp":"2025-05-15T04:00:54.468Z"}
{"level":"info","message":"GET /api/v1/posts","timestamp":"2025-05-15T04:00:54.484Z"}
{"level":"info","message":"GET /undefined","timestamp":"2025-05-15T04:00:54.485Z"}
{"level":"info","message":"GET /api/v1/testimonials","timestamp":"2025-05-15T04:00:54.522Z"}
{"level":"info","message":"GET /api/v1/users/profile","timestamp":"2025-05-15T04:02:34.382Z"}
{"level":"info","message":"GET /api/v1/users/orders","timestamp":"2025-05-15T04:02:34.434Z"}
{"level":"info","message":"GET /","timestamp":"2025-05-15T04:09:49.625Z"}
{"level":"info","message":"GET /favicon.ico","timestamp":"2025-05-15T04:09:50.302Z"}
{"level":"info","message":"GET /","timestamp":"2025-05-15T04:09:52.607Z"}
{"level":"info","message":"GET /favicon.ico","timestamp":"2025-05-15T04:09:52.693Z"}
{"level":"info","message":"GET /","timestamp":"2025-05-15T04:15:01.433Z"}
{"level":"info","message":"GET /favicon.ico","timestamp":"2025-05-15T04:15:01.626Z"}
{"level":"info","message":"GET /favicon.ico","timestamp":"2025-05-15T04:15:15.722Z"}
{"level":"info","message":"GET /favicon.ico","timestamp":"2025-05-15T04:15:18.426Z"}
{"level":"info","message":"GET /","timestamp":"2025-05-15T04:18:10.375Z"}
{"level":"info","message":"GET /favicon.ico","timestamp":"2025-05-15T04:18:11.046Z"}
{"level":"info","message":"GET /favicon.ico","timestamp":"2025-05-15T04:22:23.040Z"}
{"level":"info","message":"GET /favicon.ico","timestamp":"2025-05-15T04:22:33.186Z"}
{"level":"info","message":"GET /","timestamp":"2025-05-15T04:24:32.684Z"}
{"level":"info","message":"GET /api/v1/menu","timestamp":"2025-05-15T04:24:33.879Z"}
{"level":"info","message":"GET /favicon.ico","timestamp":"2025-05-15T04:24:33.934Z"}
{"level":"info","message":"GET /api/v1/offers","timestamp":"2025-05-15T04:24:33.969Z"}
{"level":"info","message":"GET /api/v1/posts","timestamp":"2025-05-15T04:24:33.998Z"}
{"level":"info","message":"GET /undefined","timestamp":"2025-05-15T04:24:33.999Z"}
{"level":"info","message":"GET /api/v1/testimonials","timestamp":"2025-05-15T04:24:34.024Z"}
{"level":"info","message":"GET /favicon.ico","timestamp":"2025-05-15T04:27:11.712Z"}
